	 ______ __  __ _____ _      _____ 
	|  ____|  \/  |_   _| |    |_   _|
	| |__  | \  / | | | | |      | |  
	|  __| | |\/| | | | | |      | |  
	| |____| |  | |_| |_| |____ _| |_ 
	|______|_|  |_|_____|______|_____|

commit : 6c0e85e68fff649a05dcf7f655fd92eee73dad51
Random seed : 0
NAME PROBLEM
Problem: PFSP_MS
name : ta053.txt
file : ../../../Benchmarks/ta053.txt
File ../../../Benchmarks/ta053.txt is now open, start to read...
Number of jobs : 50
Number of machines : 20
Memory allowed.
Start to read matrix...
All is read from file.
Permutation Flow Shop Make Span
Problem is a single objective problem
